Started at Mon Aug 07 21:35:53 IST 2023
Processing Free1
Offering Free1 to Project Build Discarder
Processing FreeStyleproj
Offering FreeStyleproj to Project Build Discarder
Finished at Mon Aug 07 21:35:53 IST 2023. 19ms
Started at Mon Aug 07 22:35:53 IST 2023
Processing Free1
Offering Free1 to Project Build Discarder
Processing FreeStyleproj
Offering FreeStyleproj to Project Build Discarder
Finished at Mon Aug 07 22:35:53 IST 2023. 2ms
Started at Tue Aug 08 02:47:07 IST 2023
Processing Free1
Offering Free1 to Project Build Discarder
Processing FreeStyleproj
Offering FreeStyleproj to Project Build Discarder
Finished at Tue Aug 08 02:47:07 IST 2023. 2ms
Started at Tue Aug 08 02:47:08 IST 2023
Processing Free1
Offering Free1 to Project Build Discarder
Processing FreeStyleproj
Offering FreeStyleproj to Project Build Discarder
Finished at Tue Aug 08 02:47:08 IST 2023. 14ms
Started at Tue Aug 08 09:53:01 IST 2023
Processing Free1
Offering Free1 to Project Build Discarder
Processing FreeStyleproj
Offering FreeStyleproj to Project Build Discarder
Finished at Tue Aug 08 09:53:01 IST 2023. 91ms
Started at Tue Aug 08 09:53:01 IST 2023
Processing Free1
Offering Free1 to Project Build Discarder
Processing FreeStyleproj
Offering FreeStyleproj to Project Build Discarder
Finished at Tue Aug 08 09:53:01 IST 2023. 1ms
Started at Tue Aug 08 10:35:50 IST 2023
Processing Free1
Offering Free1 to Project Build Discarder
Processing FreeStyleproj
Offering FreeStyleproj to Project Build Discarder
Finished at Tue Aug 08 10:35:50 IST 2023. 3ms
Started at Tue Aug 08 11:35:50 IST 2023
Processing Free1
Offering Free1 to Project Build Discarder
Processing FreeStyleproj
Offering FreeStyleproj to Project Build Discarder
Finished at Tue Aug 08 11:35:50 IST 2023. 2ms
Started at Tue Aug 08 12:35:50 IST 2023
Processing Free1
Offering Free1 to Project Build Discarder
Processing FreeStyleproj
Offering FreeStyleproj to Project Build Discarder
Processing Git_project
Offering Git_project to Project Build Discarder
Finished at Tue Aug 08 12:35:50 IST 2023. 2ms
Started at Tue Aug 08 14:08:49 IST 2023
Processing Free1
Offering Free1 to Project Build Discarder
Processing FreeStyleproj
Offering FreeStyleproj to Project Build Discarder
Processing Git_project
Offering Git_project to Project Build Discarder
Finished at Tue Aug 08 14:08:49 IST 2023. 3ms
